Determining if the PQencryptPasswordConn exist failed with the following output:
Change Dir: /Users/manishverma/git/half-stack/capture-server/build/CMakeFiles/CMakeScratch/TryCompile-nFP2EZ

Run Build Command(s):/opt/homebrew/bin/ninja cmTC_8441a && [1/2] Building C object CMakeFiles/cmTC_8441a.dir/CheckSymbolExists.c.o
[2/2] Linking C executable cmTC_8441a
FAILED: cmTC_8441a 
: && /Library/Developer/CommandLineTools/usr/bin/cc -arch arm64 -isysroot /Library/Developer/CommandLineTools/SDKs/MacOSX14.2.sdk -Wl,-search_paths_first -Wl,-headerpad_max_install_names  CMakeFiles/cmTC_8441a.dir/CheckSymbolExists.c.o -o cmTC_8441a  -lpq && :
ld: library 'pq' not found
clang: error: linker command failed with exit code 1 (use -v to see invocation)
ninja: build stopped: subcommand failed.


File CheckSymbolExists.c:
/* */
#include </opt/homebrew/include/postgresql@14/libpq-fe.h>

int main(int argc, char** argv)
{
  (void)argv;
#ifndef PQencryptPasswordConn
  return ((int*)(&PQencryptPasswordConn))[argc];
#else
  (void)argc;
  return 0;
#endif
}
Determining if the PQenterPipelineMode exist failed with the following output:
Change Dir: /Users/manishverma/git/half-stack/capture-server/build/CMakeFiles/CMakeScratch/TryCompile-x3Zvud

Run Build Command(s):/opt/homebrew/bin/ninja cmTC_6e138 && [1/2] Building C object CMakeFiles/cmTC_6e138.dir/CheckSymbolExists.c.o
[2/2] Linking C executable cmTC_6e138
FAILED: cmTC_6e138 
: && /Library/Developer/CommandLineTools/usr/bin/cc -arch arm64 -isysroot /Library/Developer/CommandLineTools/SDKs/MacOSX14.2.sdk -Wl,-search_paths_first -Wl,-headerpad_max_install_names  CMakeFiles/cmTC_6e138.dir/CheckSymbolExists.c.o -o cmTC_6e138  -lpq && :
ld: library 'pq' not found
clang: error: linker command failed with exit code 1 (use -v to see invocation)
ninja: build stopped: subcommand failed.


File CheckSymbolExists.c:
/* */
#include </opt/homebrew/include/postgresql@14/libpq-fe.h>

int main(int argc, char** argv)
{
  (void)argv;
#ifndef PQenterPipelineMode
  return ((int*)(&PQenterPipelineMode))[argc];
#else
  (void)argc;
  return 0;
#endif
}
Performing C++ SOURCE FILE Test _SSL_LEAK_SUPPRESS_AVAILABLE failed with the following output:
Change Dir: /Users/manishverma/git/half-stack/capture-server/build/CMakeFiles/CMakeScratch/TryCompile-h5KjXZ

Run Build Command(s):/opt/homebrew/bin/ninja cmTC_0e3f5 && [1/2] Building CXX object CMakeFiles/cmTC_0e3f5.dir/src.cxx.o
FAILED: CMakeFiles/cmTC_0e3f5.dir/src.cxx.o 
/Library/Developer/CommandLineTools/usr/bin/c++ -D_SSL_LEAK_SUPPRESS_AVAILABLE  -stdlib=libc++ -Wno-return-type-c-linkage -Wno-unneeded-internal-declaration -std=c++11 -fno-strict-aliasing  -arch arm64 -isysroot /Library/Developer/CommandLineTools/SDKs/MacOSX14.2.sdk -std=c++17 -MD -MT CMakeFiles/cmTC_0e3f5.dir/src.cxx.o -MF CMakeFiles/cmTC_0e3f5.dir/src.cxx.o.d -o CMakeFiles/cmTC_0e3f5.dir/src.cxx.o -c /Users/manishverma/git/half-stack/capture-server/build/CMakeFiles/CMakeScratch/TryCompile-h5KjXZ/src.cxx
/Users/manishverma/git/half-stack/capture-server/build/CMakeFiles/CMakeScratch/TryCompile-h5KjXZ/src.cxx:2:16: fatal error: 'openssl/ssl.h' file not found
      #include <openssl/ssl.h>
               ^~~~~~~~~~~~~~~
1 error generated.
ninja: build stopped: subcommand failed.


Source file was:

      #include <openssl/ssl.h>
      int main()
      {
      ::SSL_COMP_free_compression_methods();
      }
    

